team/add,201,28
team/add,201,26
team/add,201,31
team/add,201,29
team/add,201,25
team/add,201,45
team/add,201,47
team/add,201,47
team/add,201,42
team/add,201,65
team/add,201,42
team/add,201,42
team/add,201,828
team/add,201,37
team/add,201,34
team/add,201,41
team/add,201,40
team/add,201,45
team/add,201,44
team/add,201,45
pullRequest/create,201,42
pullRequest/create,201,66
pullRequest/create,201,72
pullRequest/create,201,65
pullRequest/create,201,69
pullRequest/create,201,73
pullRequest/create,201,66
pullRequest/create,201,58
pullRequest/create,201,55
pullRequest/create,201,56
pullRequest/create,201,52
pullRequest/create,201,62
pullRequest/create,201,56
pullRequest/create,201,56
pullRequest/create,201,42
pullRequest/create,201,37
pullRequest/create,201,37
pullRequest/create,201,43
pullRequest/create,201,55
pullRequest/create,201,61
pullRequest/create,201,60
pullRequest/create,201,57
pullRequest/create,201,57
pullRequest/create,201,80
pullRequest/create,201,53
pullRequest/create,201,60
pullRequest/create,201,45
pullRequest/create,201,42
pullRequest/create,201,57
pullRequest/create,201,42
pullRequest/create,201,28
pullRequest/create,201,28
pullRequest/create,201,22
pullRequest/create,201,562
pullRequest/create,201,37
pullRequest/create,201,62
pullRequest/create,201,26
pullRequest/create,201,58
pullRequest/create,201,43
pullRequest/create,201,43
pullRequest/create,201,43
pullRequest/create,201,47
pullRequest/create,201,52
pullRequest/create,201,49
pullRequest/create,201,46
pullRequest/create,201,46
pullRequest/create,201,40
pullRequest/create,201,38
pullRequest/create,201,33
pullRequest/create,201,29
pullRequest/create,201,32
pullRequest/create,201,31
pullRequest/create,201,47
pullRequest/create,201,26
pullRequest/create,201,51
pullRequest/create,201,55
pullRequest/create,201,62
pullRequest/create,201,50
pullRequest/create,201,49
pullRequest/create,201,51
pullRequest/reassign,200,38
pullRequest/reassign,200,44
pullRequest/reassign,200,58
pullRequest/reassign,200,55
pullRequest/reassign,200,70
pullRequest/reassign,200,73
pullRequest/reassign,200,74
pullRequest/reassign,200,62
pullRequest/reassign,200,50
pullRequest/reassign,200,55
pullRequest/reassign,200,62
pullRequest/reassign,200,47
pullRequest/reassign,200,60
pullRequest/reassign,200,98
pullRequest/reassign,200,86
pullRequest/reassign,200,60
pullRequest/reassign,200,59
pullRequest/reassign,200,52
pullRequest/reassign,200,66
pullRequest/reassign,200,65
pullRequest/reassign,200,66
pullRequest/reassign,200,49
pullRequest/reassign,200,54
pullRequest/reassign,200,49
pullRequest/reassign,200,61
pullRequest/reassign,200,62
pullRequest/reassign,200,69
pullRequest/reassign,200,79
pullRequest/reassign,200,66
pullRequest/reassign,200,57
pullRequest/reassign,200,48
pullRequest/reassign,200,54
pullRequest/reassign,200,38
pullRequest/reassign,200,32
pullRequest/reassign,200,49
pullRequest/reassign,200,42
pullRequest/reassign,200,34
pullRequest/reassign,200,37
pullRequest/reassign,200,43
pullRequest/reassign,200,36
pullRequest/reassign,200,56
pullRequest/reassign,200,66
pullRequest/reassign,200,28
pullRequest/reassign,200,35
pullRequest/reassign,200,31
pullRequest/reassign,200,27
pullRequest/reassign,200,34
pullRequest/reassign,200,36
pullRequest/reassign,200,49
pullRequest/reassign,200,53
pullRequest/reassign,200,81
pullRequest/reassign,200,401
pullRequest/reassign,200,27
pullRequest/reassign,200,30
pullRequest/reassign,200,24
pullRequest/reassign,200,22
pullRequest/reassign,200,431
pullRequest/reassign,200,24
pullRequest/reassign,200,29
pullRequest/reassign,200,43
users/getReview,200,31
users/getReview,200,28
users/getReview,200,30
users/getReview,200,48
users/getReview,200,30
users/getReview,200,27
users/getReview,200,38
users/getReview,200,34
users/getReview,200,38
users/getReview,200,34
users/getReview,200,32
users/getReview,200,27
users/getReview,200,25
users/getReview,200,32
users/getReview,200,32
users/getReview,200,19
users/getReview,200,20
users/getReview,200,18
users/getReview,200,17
users/getReview,200,20
users/getReview,200,30
users/getReview,200,38
users/getReview,200,37
users/getReview,200,33
users/getReview,200,36
users/getReview,200,36
users/getReview,200,35
users/getReview,200,27
users/getReview,200,21
users/getReview,200,21
users/getReview,200,22
users/getReview,200,24
users/getReview,200,15
users/getReview,200,30
users/getReview,200,35
users/getReview,200,41
users/getReview,200,35
users/getReview,200,41
users/getReview,200,32
users/getReview,200,33
users/getReview,200,34
users/getReview,200,45
users/getReview,200,39
users/getReview,200,33
users/getReview,200,28
users/getReview,200,26
users/getReview,200,24
users/getReview,200,25
users/getReview,200,30
team/add,201,24
team/add,201,24
team/add,201,41
team/add,201,61
team/add,201,44
team/add,201,54
team/add,201,43
team/add,201,50
team/add,201,39
team/add,201,60
team/add,201,62
team/add,201,125
team/add,201,49
team/add,201,59
team/add,201,56
team/add,201,42
team/add,201,39
team/add,201,40
team/add,201,50
team/add,201,75
pullRequest/create,201,67
pullRequest/create,201,45
pullRequest/create,201,40
pullRequest/create,201,49
pullRequest/create,201,39
pullRequest/create,201,38
pullRequest/create,201,37
pullRequest/create,201,39
pullRequest/create,201,50
pullRequest/create,201,56
pullRequest/create,201,79
pullRequest/create,201,57
pullRequest/create,201,64
pullRequest/create,201,49
pullRequest/create,201,38
pullRequest/create,201,37
pullRequest/create,201,37
pullRequest/create,201,43
pullRequest/create,201,44
pullRequest/create,201,47
pullRequest/create,201,45
pullRequest/create,201,44
pullRequest/create,201,45
pullRequest/create,201,66
pullRequest/create,201,104
pullRequest/create,201,96
pullRequest/create,201,54
pullRequest/create,201,52
pullRequest/create,201,61
pullRequest/create,201,34
pullRequest/create,201,48
pullRequest/create,201,47
pullRequest/create,201,47
pullRequest/create,201,53
pullRequest/create,201,52
pullRequest/create,201,43
pullRequest/create,201,46
pullRequest/create,201,48
pullRequest/create,201,46
pullRequest/create,201,45
pullRequest/create,201,54
pullRequest/create,201,60
pullRequest/create,201,69
pullRequest/create,201,65
pullRequest/create,201,60
pullRequest/create,201,57
pullRequest/create,201,46
pullRequest/create,201,41
pullRequest/create,201,43
pullRequest/create,201,49
pullRequest/create,201,54
pullRequest/create,201,53
pullRequest/create,201,54
pullRequest/create,201,67
pullRequest/create,201,68
pullRequest/create,201,66
pullRequest/create,201,51
pullRequest/create,201,57
pullRequest/create,201,50
pullRequest/create,201,55
pullRequest/reassign,200,62
pullRequest/reassign,200,59
pullRequest/reassign,200,59
pullRequest/reassign,200,55
pullRequest/reassign,200,52
pullRequest/reassign,200,63
pullRequest/reassign,200,96
pullRequest/reassign,200,87
pullRequest/reassign,200,67
pullRequest/reassign,200,71
pullRequest/reassign,200,81
pullRequest/reassign,200,79
pullRequest/reassign,200,67
pullRequest/reassign,200,69
pullRequest/reassign,200,64
pullRequest/reassign,200,48
pullRequest/reassign,200,47
pullRequest/reassign,200,40
pullRequest/reassign,200,51
pullRequest/reassign,200,45
pullRequest/reassign,200,52
pullRequest/reassign,200,75
pullRequest/reassign,200,76
pullRequest/reassign,200,85
pullRequest/reassign,200,84
pullRequest/reassign,200,69
pullRequest/reassign,200,73
pullRequest/reassign,200,68
pullRequest/reassign,200,64
pullRequest/reassign,200,54
pullRequest/reassign,200,51
pullRequest/reassign,200,51
pullRequest/reassign,200,43
pullRequest/reassign,200,51
pullRequest/reassign,200,69
pullRequest/reassign,200,59
pullRequest/reassign,200,65
pullRequest/reassign,200,58
pullRequest/reassign,200,63
pullRequest/reassign,200,72
pullRequest/reassign,200,52
pullRequest/reassign,200,45
pullRequest/reassign,200,56
pullRequest/reassign,200,55
pullRequest/reassign,200,59
pullRequest/reassign,200,70
pullRequest/reassign,200,57
pullRequest/reassign,200,49
pullRequest/reassign,200,71
pullRequest/reassign,200,66
pullRequest/reassign,200,56
pullRequest/reassign,200,65
pullRequest/reassign,200,44
pullRequest/reassign,200,44
pullRequest/reassign,200,47
pullRequest/reassign,200,84
pullRequest/reassign,200,62
pullRequest/reassign,200,54
pullRequest/reassign,200,56
pullRequest/reassign,200,93
users/getReview,200,60
users/getReview,200,55
users/getReview,200,34
users/getReview,200,22
users/getReview,200,23
users/getReview,200,21
users/getReview,200,17
users/getReview,200,22
users/getReview,200,45
users/getReview,200,43
users/getReview,200,41
users/getReview,200,51
users/getReview,200,54
users/getReview,200,29
users/getReview,200,38
users/getReview,200,22
users/getReview,200,18
users/getReview,200,20
users/getReview,200,82
users/getReview,200,76
users/getReview,200,60
users/getReview,200,40
users/getReview,200,47
users/getReview,200,58
users/getReview,200,56
users/getReview,200,61
users/getReview,200,71
users/getReview,200,52
users/getReview,200,24
users/getReview,200,25
users/getReview,200,22
users/getReview,200,17
users/getReview,200,36
users/getReview,200,49
users/getReview,200,15
users/getReview,200,45
users/getReview,200,64
users/getReview,200,59
users/getReview,200,46
users/getReview,200,48
users/getReview,200,49
users/getReview,200,49
users/getReview,200,51
users/getReview,200,40
users/getReview,200,39
users/getReview,200,20
users/getReview,200,20
users/getReview,200,15
users/getReview,200,51
users/getReview,200,71
users/getReview,200,43
users/getReview,200,61
users/getReview,200,46
users/getReview,200,36
users/getReview,200,39
users/getReview,200,40
users/getReview,200,48
users/getReview,200,39
users/getReview,200,37
users/getReview,200,29
users/getReview,200,29
users/getReview,200,19
users/getReview,200,17
users/getReview,200,18
users/getReview,200,41
users/getReview,200,53
users/getReview,200,37
users/getReview,200,51
users/getReview,200,47
users/getReview,200,47
users/getReview,200,29
users/getReview,200,33
users/getReview,200,22
users/getReview,200,22
users/getReview,200,23
users/getReview,200,21
users/getReview,200,25
users/getReview,200,22
users/getReview,200,48
users/getReview,200,44
users/getReview,200,41
users/getReview,200,38
users/getReview,200,40
users/getReview,200,49
users/getReview,200,78
users/getReview,200,36
users/getReview,200,18
users/getReview,200,16
users/getReview,200,16
users/getReview,200,16
users/getReview,200,25
users/getReview,200,34
users/getReview,200,46
users/getReview,200,52
users/getReview,200,70
users/getReview,200,47
users/getReview,200,36
users/getReview,200,41
users/getReview,200,32
users/getReview,200,20
users/getReview,200,20
users/getReview,200,17
users/getReview,200,76
users/getReview,200,67
users/getReview,200,65
users/getReview,200,69
users/getReview,200,78
users/getReview,200,47
users/getReview,200,48
users/getReview,200,28
users/getReview,200,16
users/getReview,200,22
users/getReview,200,23
users/getReview,200,18
users/getReview,200,37
users/getReview,200,37
users/getReview,200,48
users/getReview,200,43
users/getReview,200,46
users/getReview,200,42
users/getReview,200,47
users/getReview,200,55
users/getReview,200,28
users/getReview,200,21
users/getReview,200,23
users/getReview,200,22
users/getReview,200,22
users/getReview,200,19
users/getReview,200,27
users/getReview,200,39
users/getReview,200,59
users/getReview,200,54
users/getReview,200,52
users/getReview,200,55
users/getReview,200,19
users/getReview,200,20
users/getReview,200,17
users/getReview,200,50
users/getReview,200,79
users/getReview,200,75
users/getReview,200,87
users/getReview,200,66
users/getReview,200,68
users/getReview,200,72
users/getReview,200,81
users/getReview,200,50
users/getReview,200,23
users/getReview,200,21
users/getReview,200,20
users/getReview,200,18
users/getReview,200,35
users/getReview,200,36
users/getReview,200,31
users/getReview,200,36
users/getReview,200,42
users/getReview,200,32
users/getReview,200,28
users/getReview,200,32
users/getReview,200,34
users/getReview,200,28
users/getReview,200,32
users/getReview,200,32
users/getReview,200,25
users/getReview,200,23
users/getReview,200,23
users/getReview,200,18
users/getReview,200,20
users/getReview,200,19
users/getReview,200,17
users/getReview,200,17
users/getReview,200,28
users/getReview,200,29
users/getReview,200,32
users/getReview,200,32
users/getReview,200,32
users/getReview,200,31
users/getReview,200,34
users/getReview,200,30
users/getReview,200,23
users/getReview,200,21
users/getReview,200,38
users/getReview,200,25
users/getReview,200,34
users/getReview,200,55
users/getReview,200,84
users/getReview,200,173
users/getReview,200,263
users/getReview,200,57
users/getReview,200,52
users/getReview,200,28
users/getReview,200,19
users/getReview,200,19
users/getReview,200,58
users/getReview,200,58
users/getReview,200,60
users/getReview,200,78
users/getReview,200,55
users/getReview,200,51
users/getReview,200,428
users/getReview,200,69
users/setIsActive,200,101
users/setIsActive,200,197
users/setIsActive,200,80
users/setIsActive,200,93
users/setIsActive,200,70
users/setIsActive,200,94
users/setIsActive,200,75
users/setIsActive,200,64
users/setIsActive,200,48
users/setIsActive,200,60
users/setIsActive,200,76
users/setIsActive,200,44
users/setIsActive,200,77
users/setIsActive,200,43
users/setIsActive,200,56
users/setIsActive,200,46
users/setIsActive,200,46
users/setIsActive,200,36
users/setIsActive,200,34
users/setIsActive,200,34
users/setIsActive,200,46
users/setIsActive,200,46
users/setIsActive,200,84
users/setIsActive,200,62
users/setIsActive,200,91
users/setIsActive,200,62
users/setIsActive,200,70
users/setIsActive,200,70
users/setIsActive,200,49
users/setIsActive,200,82
users/setIsActive,200,47
users/setIsActive,200,71
users/setIsActive,200,51
users/setIsActive,200,55
users/setIsActive,200,46
users/setIsActive,200,39
users/setIsActive,200,68
users/setIsActive,200,50
users/setIsActive,200,46
users/setIsActive,200,34
users/setIsActive,200,34
users/setIsActive,200,26
users/setIsActive,200,20
users/setIsActive,200,20
users/setIsActive,200,19
users/setIsActive,200,18
users/setIsActive,200,57
users/setIsActive,200,63
users/setIsActive,200,64
users/setIsActive,200,46
users/setIsActive,200,50
users/setIsActive,200,48
users/setIsActive,200,44
users/setIsActive,200,54
users/setIsActive,200,28
users/setIsActive,200,24
users/setIsActive,200,42
users/setIsActive,200,29
users/setIsActive,200,36
users/setIsActive,200,29
users/setIsActive,200,30
users/setIsActive,200,29
users/setIsActive,200,39
users/setIsActive,200,29
users/setIsActive,200,24
users/setIsActive,200,20
users/setIsActive,200,23
users/setIsActive,200,23
users/setIsActive,200,23
users/setIsActive,200,28
users/setIsActive,200,50
users/setIsActive,200,53
users/setIsActive,200,38
users/setIsActive,200,54
users/setIsActive,200,68
users/setIsActive,200,29
users/setIsActive,200,29
users/setIsActive,200,34
users/setIsActive,200,24
users/setIsActive,200,30
users/setIsActive,200,23
users/setIsActive,200,33
users/setIsActive,200,32
users/setIsActive,200,42
users/setIsActive,200,50
users/setIsActive,200,60
users/setIsActive,200,52
users/setIsActive,200,50
users/setIsActive,200,49
users/setIsActive,200,37
users/setIsActive,200,58
users/setIsActive,200,68
users/setIsActive,200,49
users/setIsActive,200,52
users/setIsActive,200,41
users/setIsActive,200,60
users/setIsActive,200,116
users/setIsActive,200,66
users/setIsActive,200,70
users/setIsActive,200,63
users/setIsActive,200,64
users/setIsActive,200,56
users/setIsActive,200,53
users/setIsActive,200,50
users/setIsActive,200,47
users/setIsActive,200,38
users/setIsActive,200,42
users/setIsActive,200,29
users/setIsActive,200,27
users/setIsActive,200,33
users/setIsActive,200,23
users/setIsActive,200,31
users/setIsActive,200,32
users/setIsActive,200,42
users/setIsActive,200,29
users/setIsActive,200,37
users/setIsActive,200,48
users/setIsActive,200,45
users/setIsActive,200,51
users/setIsActive,200,35
users/setIsActive,200,37
users/setIsActive,200,43
users/setIsActive,200,40
users/setIsActive,200,36
users/setIsActive,200,70
users/setIsActive,200,75
users/setIsActive,200,24
users/setIsActive,200,23
users/setIsActive,200,22
users/setIsActive,200,23
users/setIsActive,200,37
users/setIsActive,200,69
users/setIsActive,200,74
users/setIsActive,200,51
users/setIsActive,200,46
users/setIsActive,200,42
users/setIsActive,200,48
users/setIsActive,200,42
users/setIsActive,200,45
users/setIsActive,200,38
users/setIsActive,200,29
users/setIsActive,200,22
users/setIsActive,200,21
users/setIsActive,200,19
users/setIsActive,200,21
users/setIsActive,200,26
users/setIsActive,200,31
users/setIsActive,200,28
users/setIsActive,200,31
users/setIsActive,200,27
users/setIsActive,200,34
users/setIsActive,200,38
users/setIsActive,200,40
users/setIsActive,200,42
users/setIsActive,200,39
users/setIsActive,200,37
users/setIsActive,200,43
users/setIsActive,200,40
users/setIsActive,200,42
users/setIsActive,200,39
users/setIsActive,200,49
users/setIsActive,200,39
users/setIsActive,200,47
users/setIsActive,200,57
users/setIsActive,200,66
users/setIsActive,200,45
users/setIsActive,200,48
users/setIsActive,200,40
users/setIsActive,200,40
users/setIsActive,200,27
users/setIsActive,200,20
users/setIsActive,200,20
users/setIsActive,200,20
users/setIsActive,200,21
users/setIsActive,200,20
users/setIsActive,200,19
users/setIsActive,200,19
users/setIsActive,200,37
users/setIsActive,200,37
users/setIsActive,200,38
users/setIsActive,200,52
users/setIsActive,200,45
users/setIsActive,200,65
users/setIsActive,200,38
users/setIsActive,200,44
users/setIsActive,200,35
users/setIsActive,200,34
users/setIsActive,200,47
users/setIsActive,200,38
users/setIsActive,200,41
users/setIsActive,200,42
users/setIsActive,200,42
users/setIsActive,200,39
users/setIsActive,200,27
users/setIsActive,200,34
users/setIsActive,200,25
users/setIsActive,200,26
users/setIsActive,200,27
users/setIsActive,200,30
users/setIsActive,200,28
team/get,200,22
team/get,200,26
team/get,200,43
team/get,200,41
team/get,200,43
team/get,200,31
team/get,200,21
team/get,200,15
team/get,200,15
team/get,200,20
team/get,200,20
team/get,200,21
team/get,200,21
team/get,200,66
team/get,200,40
team/get,200,47
team/get,200,38
team/get,200,27
team/get,200,32
team/get,200,25
team/deactivate,200,43
team/deactivate,200,40
team/deactivate,200,40
team/deactivate,200,32
team/deactivate,200,31
team/deactivate,200,29
team/deactivate,200,30
team/deactivate,200,34
team/deactivate,200,35
team/deactivate,200,33
team/deactivate,200,40
team/deactivate,200,27
team/deactivate,200,28
team/deactivate,200,47
team/deactivate,200,64
team/deactivate,200,41
team/deactivate,200,56
team/deactivate,200,54
team/deactivate,200,42
team/deactivate,200,54
pullRequest/merge,200,34
pullRequest/merge,200,34
pullRequest/merge,200,51
pullRequest/merge,200,68
pullRequest/merge,200,48
pullRequest/merge,200,75
pullRequest/merge,200,41
pullRequest/merge,200,48
pullRequest/merge,200,34
pullRequest/merge,200,62
pullRequest/merge,200,75
pullRequest/merge,200,75
pullRequest/merge,200,65
pullRequest/merge,200,44
pullRequest/merge,200,45
pullRequest/merge,200,34
pullRequest/merge,200,48
pullRequest/merge,200,68
pullRequest/merge,200,69
pullRequest/merge,200,60
pullRequest/merge,200,45
pullRequest/merge,200,453
pullRequest/merge,200,69
pullRequest/merge,200,46
pullRequest/merge,200,57
pullRequest/merge,200,49
pullRequest/merge,200,30
pullRequest/merge,200,35
pullRequest/merge,200,36
pullRequest/merge,200,38
pullRequest/merge,200,49
pullRequest/merge,200,58
pullRequest/merge,200,35
pullRequest/merge,200,25
pullRequest/merge,200,24
pullRequest/merge,200,36
pullRequest/merge,200,22
pullRequest/merge,200,26
pullRequest/merge,200,33
pullRequest/merge,200,22
pullRequest/merge,200,23
pullRequest/merge,200,35
pullRequest/merge,200,46
pullRequest/merge,200,60
pullRequest/merge,200,48
pullRequest/merge,200,50
pullRequest/merge,200,40
pullRequest/merge,200,54
pullRequest/merge,200,53
pullRequest/merge,200,63
pullRequest/merge,200,66
pullRequest/merge,200,62
pullRequest/merge,200,60
pullRequest/merge,200,56
pullRequest/merge,200,52
pullRequest/merge,200,59
pullRequest/merge,200,51
pullRequest/merge,200,57
pullRequest/merge,200,51
pullRequest/merge,200,51
health,200,49
stats,200,131
