28
26
31
29
25
45
47
47
42
65
42
42
828
37
34
41
40
45
44
45
42
66
72
65
69
73
66
58
55
56
52
62
56
56
42
37
37
43
55
61
60
57
57
80
53
60
45
42
57
42
28
28
22
562
37
62
26
58
43
43
43
47
52
49
46
46
40
38
33
29
32
31
47
26
51
55
62
50
49
51
38
44
58
55
70
73
74
62
50
55
62
47
60
98
86
60
59
52
66
65
66
49
54
49
61
62
69
79
66
57
48
54
38
32
49
42
34
37
43
36
56
66
28
35
31
27
34
36
49
53
81
401
27
30
24
22
431
24
29
43
31
28
30
48
30
27
38
34
38
34
32
27
25
32
32
19
20
18
17
20
30
38
37
33
36
36
35
27
21
21
22
24
15
30
35
41
35
41
32
33
34
45
39
33
28
26
24
25
30
24
24
41
61
44
54
43
50
39
60
62
125
49
59
56
42
39
40
50
75
67
45
40
49
39
38
37
39
50
56
79
57
64
49
38
37
37
43
44
47
45
44
45
66
104
96
54
52
61
34
48
47
47
53
52
43
46
48
46
45
54
60
69
65
60
57
46
41
43
49
54
53
54
67
68
66
51
57
50
55
62
59
59
55
52
63
96
87
67
71
81
79
67
69
64
48
47
40
51
45
52
75
76
85
84
69
73
68
64
54
51
51
43
51
69
59
65
58
63
72
52
45
56
55
59
70
57
49
71
66
56
65
44
44
47
84
62
54
56
93
60
55
34
22
23
21
17
22
45
43
41
51
54
29
38
22
18
20
82
76
60
40
47
58
56
61
71
52
24
25
22
17
36
49
15
45
64
59
46
48
49
49
51
40
39
20
20
15
51
71
43
61
46
36
39
40
48
39
37
29
29
19
17
18
41
53
37
51
47
47
29
33
22
22
23
21
25
22
48
44
41
38
40
49
78
36
18
16
16
16
25
34
46
52
70
47
36
41
32
20
20
17
76
67
65
69
78
47
48
28
16
22
23
18
37
37
48
43
46
42
47
55
28
21
23
22
22
19
27
39
59
54
52
55
19
20
17
50
79
75
87
66
68
72
81
50
23
21
20
18
35
36
31
36
42
32
28
32
34
28
32
32
25
23
23
18
20
19
17
17
28
29
32
32
32
31
34
30
23
21
38
25
34
55
84
173
263
57
52
28
19
19
58
58
60
78
55
51
428
69
101
197
80
93
70
94
75
64
48
60
76
44
77
43
56
46
46
36
34
34
46
46
84
62
91
62
70
70
49
82
47
71
51
55
46
39
68
50
46
34
34
26
20
20
19
18
57
63
64
46
50
48
44
54
28
24
42
29
36
29
30
29
39
29
24
20
23
23
23
28
50
53
38
54
68
29
29
34
24
30
23
33
32
42
50
60
52
50
49
37
58
68
49
52
41
60
116
66
70
63
64
56
53
50
47
38
42
29
27
33
23
31
32
42
29
37
48
45
51
35
37
43
40
36
70
75
24
23
22
23
37
69
74
51
46
42
48
42
45
38
29
22
21
19
21
26
31
28
31
27
34
38
40
42
39
37
43
40
42
39
49
39
47
57
66
45
48
40
40
27
20
20
20
21
20
19
19
37
37
38
52
45
65
38
44
35
34
47
38
41
42
42
39
27
34
25
26
27
30
28
22
26
43
41
43
31
21
15
15
20
20
21
21
66
40
47
38
27
32
25
43
40
40
32
31
29
30
34
35
33
40
27
28
47
64
41
56
54
42
54
34
34
51
68
48
75
41
48
34
62
75
75
65
44
45
34
48
68
69
60
45
453
69
46
57
49
30
35
36
38
49
58
35
25
24
36
22
26
33
22
23
35
46
60
48
50
40
54
53
63
66
62
60
56
52
59
51
57
51
51
49
131
